[debug] ----------------------------------------------------------------------
[debug] Command:      C:\Program Files\nodejs\node.exe C:\Users\Fons\AppData\Roaming\npm\node_modules\firebase-tools\bin\firebase --debug deploy
[debug] CLI Version:  3.1.0
[debug] Platform:     win32
[debug] Node Version: v4.4.7
[debug] Time:         Sat Nov 05 2016 00:54:15 GMT-0600 (Mountain Daylight Time)
[debug] ----------------------------------------------------------------------
[debug] 
[debug] > command requires scopes: ["email","openid","https://www.googleapis.com/auth/cloudplatformprojects.readonly","https://www.googleapis.com/auth/firebase"]
[debug] >>> HTTP REQUEST GET https://admin.firebase.com/v1/projects/nephcount 
[debug] <<< HTTP RESPONSE 200
[debug] >>> HTTP REQUEST GET https://admin.firebase.com/v1/database/nephcount/tokens 
[debug] <<< HTTP RESPONSE 200
[info] 
[info] === Deploying to 'nephcount'...
[info] 
[info] i  deploying database, hosting
[info] +  database: rules ready to deploy.
[info] i  hosting: preparing build/bundled directory for upload...
[debug] >>> HTTP REQUEST PUT https://deploy.firebase.com/v1/hosting/nephcount/uploads/-KVnG34cCM4CVx-aNDCc?fileCount=150&message= 
[debug] <<< HTTP RESPONSE 200
[info] +  hosting: build/bundled folder uploaded successfully
[info] +  hosting: 150 files uploaded successfully
[info] i  starting release process (may take several minutes)...
[debug] >>> HTTP REQUEST POST https://deploy.firebase.com/v1/projects/nephcount/releases
[debug] <<< HTTP RESPONSE 200
[info] 
[info] +  Deploy complete!
[info] 
[info] Project Console: https://console.firebase.google.com/project/nephcount/overview
[info] Hosting URL: https://nephcount.firebaseapp.com
